\BOOKMARK [1][-]{section.0.1}{\376\377\000I\000n\000t\000r\000o\000d\000u\000c\000t\000i\000o\000n}{}% 1
\BOOKMARK [1][-]{section.0.2}{\376\377\000L\000e\000a\000r\000n\000i\000n\000g\000\040\000T\000o\000n\000o\000t\000a\000c\000t\000i\000c\000s}{}% 2
\BOOKMARK [2][-]{subsection.0.2.1}{\376\377\000T\000o\000n\000a\000l\000\040\000M\000a\000p\000p\000i\000n\000g\000\040\000P\000r\000o\000b\000l\000e\000m}{section.0.2}% 3
\BOOKMARK [2][-]{subsection.0.2.2}{\376\377\000L\000e\000a\000r\000n\000i\000n\000g\000\040\000M\000o\000d\000e\000l\000s}{section.0.2}% 4
\BOOKMARK [1][-]{section.0.3}{\376\377\000P\000r\000e\000l\000i\000m\000i\000n\000a\000r\000i\000e\000s}{}% 5
\BOOKMARK [2][-]{subsection.0.3.1}{\376\377\000S\000t\000r\000i\000n\000g\000s\000\040\000R\000e\000p\000r\000e\000s\000e\000n\000t\000a\000t\000i\000o\000n\000s}{section.0.3}% 6
\BOOKMARK [2][-]{subsection.0.3.2}{\376\377\000A\000u\000t\000o\000s\000e\000g\000m\000e\000n\000t\000a\000l\000\040\000R\000e\000p\000r\000e\000s\000e\000n\000t\000a\000t\000i\000o\000n\000\040\000a\000s\000\040\000G\000r\000a\000p\000h\000s}{section.0.3}% 7
\BOOKMARK [2][-]{subsection.0.3.3}{\376\377\000S\000t\000r\000u\000c\000t\000u\000r\000e\000\040\000C\000o\000n\000t\000a\000i\000n\000m\000e\000n\000t}{section.0.3}% 8
\BOOKMARK [2][-]{subsection.0.3.4}{\376\377\000B\000U\000F\000I\000A}{section.0.3}% 9
\BOOKMARK [1][-]{section.0.4}{\376\377\000L\000e\000a\000r\000n\000i\000n\000g\000\040\000o\000v\000e\000r\000\040\000A\000u\000t\000o\000s\000e\000g\000m\000e\000n\000t\000a\000l\000\040\000R\000e\000p\000r\000e\000s\000e\000n\000t\000a\000t\000i\000o\000n\000s}{}% 10
\BOOKMARK [2][-]{subsection.0.4.1}{\376\377\000B\000U\000F\000I\000A\000-\000A\000R}{section.0.4}% 11
\BOOKMARK [2][-]{subsection.0.4.2}{\376\377\000H\000o\000w\000\040\000t\000o\000\040\000E\000x\000p\000a\000n\000d\000\040\000A\000u\000t\000o\000s\000e\000g\000m\000e\000n\000t\000a\000l\000\040\000R\000e\000p\000r\000e\000s\000e\000n\000t\000a\000t\000i\000o\000n\000s}{section.0.4}% 12
\BOOKMARK [3][-]{subsubsection.0.4.2.1}{\376\377\000A\000d\000d\000i\000n\000g\000\040\000U\000n\000i\000t\000s}{subsection.0.4.2}% 13
\BOOKMARK [3][-]{subsubsection.0.4.2.2}{\376\377\000A\000d\000d\000i\000n\000g\000\040\000A\000s\000s\000o\000c\000i\000a\000t\000i\000o\000n\000\040\000L\000i\000n\000e\000s}{subsection.0.4.2}% 14
\BOOKMARK [3][-]{subsubsection.0.4.2.3}{\376\377\000I\000n\000t\000e\000r\000i\000m\000\040\000S\000u\000m\000m\000a\000r\000y}{subsection.0.4.2}% 15
\BOOKMARK [2][-]{subsection.0.4.3}{\376\377\000C\000o\000n\000t\000a\000i\000n\000m\000e\000n\000t\000\040\000R\000e\000l\000a\000t\000i\000o\000n}{section.0.4}% 16
\BOOKMARK [2][-]{subsection.0.4.4}{\376\377\000S\000u\000m\000m\000a\000r\000y}{section.0.4}% 17
\BOOKMARK [1][-]{section.0.5}{\376\377\000C\000a\000s\000e\000\040\000S\000t\000u\000d\000y\000:\000\040\000H\000a\000u\000s\000a}{}% 18
\BOOKMARK [2][-]{subsection.0.5.1}{\376\377\000E\000x\000p\000e\000r\000i\000m\000e\000n\000t\000\040\000S\000e\000t\000u\000p}{section.0.5}% 19
\BOOKMARK [2][-]{subsection.0.5.2}{\376\377\000E\000v\000a\000l\000u\000a\000t\000i\000o\000n}{section.0.5}% 20
\BOOKMARK [3][-]{subsubsection.0.5.2.1}{\376\377\000Q\000u\000a\000l\000i\000t\000a\000t\000i\000v\000e\000\040\000E\000v\000a\000l\000u\000a\000t\000i\000o\000n\000:\000\040\000C\000o\000n\000s\000t\000r\000a\000i\000n\000t\000s\000\040\000C\000o\000m\000p\000a\000r\000i\000s\000o\000n}{subsection.0.5.2}% 21
\BOOKMARK [3][-]{subsubsection.0.5.2.2}{\376\377\000Q\000u\000a\000n\000t\000i\000t\000a\000t\000i\000v\000e\000\040\000E\000v\000a\000l\000u\000a\000t\000i\000o\000n\000:\000\040\000C\000r\000o\000s\000s\000-\000v\000a\000l\000i\000d\000a\000t\000i\000o\000n}{subsection.0.5.2}% 22
\BOOKMARK [1][-]{section.0.6}{\376\377\000D\000i\000s\000c\000u\000s\000s\000i\000o\000n}{}% 23
\BOOKMARK [2][-]{subsection.0.6.1}{\376\377\000O\000p\000t\000i\000m\000i\000s\000a\000t\000i\000o\000n\000\040\000v\000e\000r\000s\000u\000s\000\040\000S\000a\000t\000i\000s\000f\000a\000c\000t\000i\000o\000n}{section.0.6}% 24
\BOOKMARK [2][-]{subsection.0.6.2}{\376\377\000G\000r\000a\000d\000i\000e\000n\000c\000e\000\040\000v\000e\000r\000s\000u\000s\000\040\000C\000a\000t\000e\000g\000o\000r\000i\000c\000i\000t\000y\000\040\000i\000n\000\040\000G\000r\000a\000m\000m\000a\000r\000s}{section.0.6}% 25
\BOOKMARK [1][-]{section.0.7}{\376\377\000C\000o\000n\000c\000l\000u\000s\000i\000o\000n}{}% 26
